<?xml version="1.0" encoding="UTF-8" ?>
<testsuite errors="0" failures="0" hostname="empien" name="sakki.MoveTest" tests="5" time="0.091" timestamp="2011-03-29T23:14:50">
  <properties>
[...]
</properties>
  <testcase classname="sakki.MoveTest" name="simpleMove" time="0.007" />
  <testcase classname="sakki.MoveTest" name="capturingMove" time="0.001" />
  <testcase classname="sakki.MoveTest" name="nontrivialMove" time="0.0" />
  <testcase classname="sakki.MoveTest" name="castlingMove" time="0.001" />
  <testcase classname="sakki.MoveTest" name="invalidMove" time="0.001" />
  <system-out><![CDATA[DEBUG::p
From: null
Xtra: null
DEBUG::N
From: e
Xtra: null
DEBUG::p
From: null
DEBUG::Q
Xtra: +
]]></system-out>
  <system-err><![CDATA[]]></system-err>
</testsuite>
